<?xml version="1.0" encoding="UTF-8"?>
<!-- Generated by org.testng.reporters.JUnitReportReporter -->
<testsuite skipped="0" hostname="home-PC" name="scripts.VerifyGetCarQuote" tests="1" failures="0" timestamp="29 Jun 2017 02:50:53 GMT" time="42.347" errors="0">
  <testcase name="testVerifyGetCarQuote" time="42.347" classname="scripts.VerifyGetCarQuote"/>
</testsuite> <!-- scripts.VerifyGetCarQuote -->
