<?xml version="1.0" encoding="UTF-8"?>
<!-- Generated by org.testng.reporters.JUnitReportReporter -->
<testsuite skipped="0" hostname="home-PC" name="scripts.VerifyInvalidGetCarQuoteWithErrMessages" tests="3" failures="0" timestamp="29 Jun 2017 02:50:53 GMT" time="58.183" errors="0">
  <testcase name="testVerifyInvalidYearErrMessage" time="19.348" classname="scripts.VerifyInvalidGetCarQuoteWithErrMessages"/>
  <testcase name="testVerifyInvalidAgeErrMessage" time="19.474" classname="scripts.VerifyInvalidGetCarQuoteWithErrMessages"/>
  <testcase name="testVerifyInvalidEmailIDErrMessage" time="19.361" classname="scripts.VerifyInvalidGetCarQuoteWithErrMessages"/>
</testsuite> <!-- scripts.VerifyInvalidGetCarQuoteWithErrMessages -->
